#
# A fatal error has been detected by the Java Runtime Environment:
#
#  EXCEPTION_ACCESS_VIOLATION (0xc0000005) at pc=0x6d8b2ec9, pid=168, tid=1168
#
# JRE version: 6.0_18-b07
# Java VM: Java HotSpot(TM) Client VM (16.0-b13 mixed mode windows-x86 )
# Problematic frame:
# V  [jvm.dll+0x2ec9]
#
# If you would like to submit a bug report, please visit:
#   http://java.sun.com/webapps/bugreport/crash.jsp
#

---------------  T H R E A D  ---------------

Current thread (0x019d6000):  VMThread [stack: 0x17b60000,0x17bb0000] [id=1168]

siginfo: ExceptionCode=0xc0000005, reading address 0x0000000c

Registers:
EAX=0x00000008, EBX=0x01963258, ECX=0x14457760, EDX=0x14457760
ESP=0x17baf72c, EBP=0x17baf730, ESI=0x00000008, EDI=0x14457760
EIP=0x6d8b2ec9, EFLAGS=0x00010202

Top of Stack: (sp=0x17baf72c)
0x17baf72c:   14457760 17baf740 6d8b2ebc 00000008
0x17baf73c:   6da5f122 17baf758 6d8d0c5b 14457760
0x17baf74c:   17baf7a8 17baf7a8 0056c3f8 17baf764
0x17baf75c:   6d98458b 14457df0 17baf774 6d97e283
0x17baf76c:   14457df0 01963020 17baf780 6d97e033
0x17baf77c:   01963218 17baf798 6d933134 17baf7a8
0x17baf78c:   00000000 0056c450 14457df0 17baf7b4
0x17baf79c:   6d97dd75 17baf7a8 00000000 6daccc00 

Instructions: (pc=0x6d8b2ec9)
0x6d8b2eb9:   00 00 00 c3 cc cc cc 55 8b ec 56 8b 75 08 8b d1
0x6d8b2ec9:   8b 4e 04 8b c1 c1 f8 02 85 c9 89 4d 08 7f 2c 7d 


Stack: [0x17b60000,0x17bb0000],  sp=0x17baf72c,  free space=13d17baf288k
Native frames: (J=compiled Java code, j=interpreted, Vv=VM code, C=native code)
V  [jvm.dll+0x2ec9]
V  [jvm.dll+0x2ebc]
V  [jvm.dll+0x20c5b]
V  [jvm.dll+0xd458b]
V  [jvm.dll+0xce283]
V  [jvm.dll+0xce033]
V  [jvm.dll+0x83134]
V  [jvm.dll+0xcdd75]
V  [jvm.dll+0xc88e7]
V  [jvm.dll+0x16b255]
V  [jvm.dll+0x214a5]
V  [jvm.dll+0xcadb6]
V  [jvm.dll+0xcdb45]
V  [jvm.dll+0x17965b]
V  [jvm.dll+0x1798ed]
V  [jvm.dll+0x179b33]
V  [jvm.dll+0x179bd4]
V  [jvm.dll+0xd8c66]
V  [jvm.dll+0x16b704]
V  [jvm.dll+0xb3449]
V  [jvm.dll+0xb3562]
V  [jvm.dll+0x1db5f5]
V  [jvm.dll+0x1db9ca]
V  [jvm.dll+0x1a1af4]
V  [jvm.dll+0xc834f]
V  [jvm.dll+0xca18e]
V  [jvm.dll+0xca37b]
V  [jvm.dll+0xce42a]
V  [jvm.dll+0x1d8592]
V  [jvm.dll+0xc9398]
V  [jvm.dll+0x7e7cb]
V  [jvm.dll+0x1f442b]
V  [jvm.dll+0x1f6ed3]
V  [jvm.dll+0x1f615e]
V  [jvm.dll+0x1f64ac]
V  [jvm.dll+0x1f68d2]
V  [jvm.dll+0x17f9cc]
C  [msvcr71.dll+0x9565]
C  [kernel32.dll+0x51174]
C  [ntdll.dll+0x5b3f5]
C  [ntdll.dll+0x5b3c8]

VM_Operation (0x18b2f504): GenCollectForAllocation, mode: safepoint, requested by thread 0x18d72000


---------------  P R O C E S S  ---------------

Java Threads: ( => current thread )
  0x17f2e400 JavaThread "Unknown thread" [_thread_blocked, id=3348, stack(0x18960000,0x189b0000)]
  0x17edd400 
[error occurred during error reporting (printing all threads), id 0xc0000005]

VM state:at safepoint (normal execution)

VM Mutex/Monitor currently owned by a thread:  ([mutex/lock_event])
[0x00567548] Threads_lock - owner thread: 0x019d6000
[0x00567958] Heap_lock - owner thread: 0x18d72000

Heap
 def new generation   total 78656K, used 78656K [0x03a50000, 0x08fa0000, 0x08fa0000)
  eden space 69952K, 100% used [0x03a50000, 0x07ea0000, 0x07ea0000)
  from space 8704K, 100% used [0x08720000, 0x08fa0000, 0x08fa0000)
  to   space 8704K,   0% used [0x07ea0000, 0x07ea0000, 0x08720000)
 tenured generation   total 174784K, used 165030K [0x08fa0000, 0x13a50000, 0x13a50000)
   the space 174784K,  94% used [0x08fa0000, 0x130c9bb8, 0x13a50000, 0x13a50000)
 compacting perm gen  total 13056K, used 12831K [0x13a50000, 0x14710000, 0x17a50000)
   the space 13056K,  98% used [0x13a50000, 0x146d7e30, 0x146d1600, 0x14710000)
No shared spaces configured.

Dynamic libraries:
0x00400000 - 0x00424000 	C:\Program Files\Java\jdk1.6.0_18\bin\java.exe
0x76e70000 - 0x76fac000 	C:\Windows\SYSTEM32\ntdll.dll
0x752d0000 - 0x753a4000 	C:\Windows\system32\kernel32.dll
0x75270000 - 0x752ba000 	C:\Windows\system32\KERNELBASE.dll
0x76a30000 - 0x76ad0000 	C:\Windows\system32\ADVAPI32.dll
0x765a0000 - 0x7664c000 	C:\Windows\system32\msvcrt.dll
0x76fb0000 - 0x76fc9000 	C:\Windows\SYSTEM32\sechost.dll
0x75680000 - 0x75721000 	C:\Windows\system32\RPCRT4.dll
0x7c340000 - 0x7c396000 	C:\Program Files\Java\jdk1.6.0_18\jre\bin\msvcr71.dll
0x6d8b0000 - 0x6db47000 	C:\Program Files\Java\jdk1.6.0_18\jre\bin\client\jvm.dll
0x76fd0000 - 0x77099000 	C:\Windows\system32\USER32.dll
0x76650000 - 0x7669e000 	C:\Windows\system32\GDI32.dll
0x752c0000 - 0x752ca000 	C:\Windows\system32\LPK.dll
0x753c0000 - 0x7545d000 	C:\Windows\system32\USP10.dll
0x73480000 - 0x734b2000 	C:\Windows\system32\WINMM.dll
0x75920000 - 0x7593f000 	C:\Windows\system32\IMM32.DLL
0x76c40000 - 0x76d0c000 	C:\Windows\system32\MSCTF.dll
0x74ec0000 - 0x74f0b000 	C:\Windows\system32\apphelp.dll
0x6d860000 - 0x6d86c000 	C:\Program Files\Java\jdk1.6.0_18\jre\bin\verify.dll
0x6d3e0000 - 0x6d3ff000 	C:\Program Files\Java\jdk1.6.0_18\jre\bin\java.dll
0x6d340000 - 0x6d348000 	C:\Program Files\Java\jdk1.6.0_18\jre\bin\hpi.dll
0x758d0000 - 0x758d5000 	C:\Windows\system32\PSAPI.DLL
0x6d430000 - 0x6d459000 	C:\Program Files\Java\jdk1.6.0_18\jre\bin\jdwp.dll
0x6d750000 - 0x6d756000 	C:\Program Files\Java\jdk1.6.0_18\jre\bin\npt.dll
0x6d8a0000 - 0x6d8af000 	C:\Program Files\Java\jdk1.6.0_18\jre\bin\zip.dll
0x6d2a0000 - 0x6d2a8000 	C:\Program Files\Java\jdk1.6.0_18\jre\bin\dt_shmem.dll
0x6d0b0000 - 0x6d1fa000 	C:\Program Files\Java\jdk1.6.0_18\jre\bin\awt.dll
0x6e870000 - 0x6e8c1000 	C:\Windows\system32\WINSPOOL.DRV
0x76d10000 - 0x76e6c000 	C:\Windows\system32\ole32.dll
0x73f20000 - 0x740be000 	C:\Windows\WinSxS\x86_microsoft.windows.common-controls_6595b64144ccf1df_6.0.7600.16385_none_421189da2b7fabfc\COMCTL32.dll
0x769d0000 - 0x76a27000 	C:\Windows\system32\SHLWAPI.dll
0x73a70000 - 0x73a83000 	C:\Windows\system32\DWMAPI.DLL
0x73dc0000 - 0x73e00000 	C:\Windows\system32\uxtheme.dll
0x74f40000 - 0x74f4c000 	C:\Windows\system32\CRYPTBASE.dll
0x6d2e0000 - 0x6d334000 	C:\Program Files\Java\jdk1.6.0_18\jre\bin\fontmanager.dll
0x75950000 - 0x76599000 	C:\Windows\system32\shell32.dll
0x6d6c0000 - 0x6d6d3000 	C:\Program Files\Java\jdk1.6.0_18\jre\bin\net.dll
0x758e0000 - 0x75915000 	C:\Windows\system32\WS2_32.dll
0x75940000 - 0x75946000 	C:\Windows\system32\NSI.dll
0x74a00000 - 0x74a3c000 	C:\Windows\system32\mswsock.dll
0x749f0000 - 0x749f6000 	C:\Windows\System32\wship6.dll
0x6d6e0000 - 0x6d6e9000 	C:\Program Files\Java\jdk1.6.0_18\jre\bin\nio.dll
0x6d500000 - 0x6d524000 	C:\Program Files\Java\jdk1.6.0_18\jre\bin\jpeg.dll
0x6d220000 - 0x6d24f000 	C:\Program Files\Java\jdk1.6.0_18\jre\bin\cmm.dll
0x76ad0000 - 0x76b5f000 	C:\Windows\system32\OLEAUT32.DLL
0x76bb0000 - 0x76c33000 	C:\Windows\system32\CLBCatQ.DLL
0x73e00000 - 0x73ef5000 	C:\Windows\system32\propsys.dll
0x734c0000 - 0x734e1000 	C:\Windows\system32\ntmarta.dll
0x76b60000 - 0x76ba5000 	C:\Windows\system32\WLDAP32.dll
0x754e0000 - 0x7567d000 	C:\Windows\system32\SETUPAPI.dll
0x75040000 - 0x75067000 	C:\Windows\system32\CFGMGR32.dll
0x75250000 - 0x75262000 	C:\Windows\system32\DEVOBJ.dll
0x6e960000 - 0x6eaf8000 	C:\Windows\system32\NetworkExplorer.dll
0x6f2d0000 - 0x6f2fe000 	C:\Windows\System32\shdocvw.dll
0x74fc0000 - 0x74fcb000 	C:\Windows\system32\profapi.dll
0x73340000 - 0x7334a000 	C:\Windows\system32\slc.dll
0x73890000 - 0x7398b000 	C:\Windows\system32\WindowsCodecs.dll
0x70ce0000 - 0x70d11000 	C:\Windows\system32\EhStorShell.dll
0x70730000 - 0x7079f000 	C:\Windows\system32\ntshrui.dll
0x74c00000 - 0x74c19000 	C:\Windows\system32\srvcli.dll
0x71220000 - 0x7122b000 	C:\Windows\system32\cscapi.dll
0x71110000 - 0x71122000 	C:\Windows\system32\MPR.dll
0x69650000 - 0x69658000 	C:\Windows\System32\drprov.dll
0x74f10000 - 0x74f39000 	C:\Windows\System32\WINSTA.dll
0x69630000 - 0x69644000 	C:\Windows\System32\ntlanman.dll
0x69610000 - 0x69626000 	C:\Windows\System32\davclnt.dll
0x69600000 - 0x69608000 	C:\Windows\System32\DAVHLPR.dll
0x73740000 - 0x7374f000 	C:\Windows\system32\wkscli.dll
0x73750000 - 0x73759000 	C:\Windows\system32\netutils.dll
0x60ef0000 - 0x61128000 	C:\Windows\system32\wpdshext.dll
0x73c30000 - 0x73dc0000 	C:\Windows\WinSxS\x86_microsoft.windows.gdiplus_6595b64144ccf1df_1.1.7600.16385_none_72fc7cbf861225ca\gdiplus.dll
0x6f240000 - 0x6f2c9000 	C:\Windows\system32\PortableDeviceApi.dll
0x75070000 - 0x7509d000 	C:\Windows\system32\WINTRUST.dll
0x750a0000 - 0x751bc000 	C:\Windows\system32\CRYPT32.dll
0x75030000 - 0x7503c000 	C:\Windows\system32\MSASN1.dll
0x726c0000 - 0x726ff000 	C:\Windows\system32\audiodev.dll
0x60c80000 - 0x60ee7000 	C:\Windows\system32\WMVCore.DLL
0x73270000 - 0x732ad000 	C:\Windows\system32\WMASF.DLL
0x73170000 - 0x73192000 	C:\Windows\system32\EhStorAPI.dll
0x6f210000 - 0x6f219000 	C:\Windows\system32\LINKINFO.dll
0x74c70000 - 0x74c78000 	C:\Windows\system32\Secur32.dll
0x74ea0000 - 0x74eba000 	C:\Windows\system32\SSPICLI.DLL
0x73730000 - 0x7373f000 	C:\Windows\system32\samcli.dll
0x73f00000 - 0x73f12000 	C:\Windows\system32\SAMLIB.dll
0x6d250000 - 0x6d273000 	C:\Program Files\Java\jdk1.6.0_18\jre\bin\dcpr.dll

VM Arguments:
jvm_args: -Xdebug -Xrunjdwp:transport=dt_shmem,address=javadebug -Dfile.encoding=UTF-8 
java_command: visao.Tela
Launcher Type: SUN_STANDARD

Environment Variables:
PATH=C:\Windows\system32;C:\Windows;C:\Windows\System32\Wbem;C:\Windows\System32\WindowsPowerShell\v1.0\
USERNAME=Hemerson
OS=Windows_NT
PROCESSOR_IDENTIFIER=x86 Family 6 Model 15 Stepping 13, GenuineIntel



---------------  S Y S T E M  ---------------

OS: Windows 7 Build 7600 

CPU:total 2 (2 cores per cpu, 1 threads per core) family 6 model 15 stepping 13, cmov, cx8, fxsr, mmx, sse, sse2, sse3, ssse3

Memory: 4k page, physical 2880688k(1312944k free), swap 5759612k(3948576k free)

vm_info: Java HotSpot(TM) Client VM (16.0-b13) for windows-x86 JRE (1.6.0_18-b07), built on Dec 17 2009 13:35:55 by "java_re" with MS VC++ 7.1 (VS2003)

time: Fri Apr 23 10:20:26 2010
elapsed time: 56 seconds

